<?xml version="1.0" encoding="UTF-8"?>
<!-- Generated by org.testng.reporters.JUnitXMLReporter -->
<testsuite ignored="0" hostname="DESKTOP-4VHBQP4" failures="0" tests="6" name="Surefire test" time="0.069" errors="0" timestamp="27 Jul 2019 15:09:36 GMT">
  <testcase classname="qaclickacademy.AppiumTest" name="IOSApps" time="0.019"/>
  <testcase classname="qaclickacademy.AppiumTest" name="NativeAppAndroid" time="0.001"/>
  <testcase classname="qaclickacademy.RESTAPITest" name="deleteTwitter" time="0.001"/>
  <testcase classname="qaclickacademy.RESTAPITest" name="postjira" time="0.0"/>
  <testcase classname="qaclickacademy.SeleniumTest" name="BrowserAutomation" time="0.001"/>
  <testcase classname="qaclickacademy.SeleniumTest" name="ElementUI" time="0.001"/>
</testsuite> <!-- Surefire test -->
