<?xml version="1.0" encoding="UTF-8"?>
<testng-results ignored="0" total="6" passed="6" failed="0" skipped="0">
  <reporter-output>
  </reporter-output>
  <suite started-at="2019-07-27T15:09:36Z" name="Surefire suite" finished-at="2019-07-27T15:09:36Z" duration-ms="69">
    <groups>
    </groups>
    <test started-at="2019-07-27T15:09:36Z" name="Surefire test" finished-at="2019-07-27T15:09:36Z" duration-ms="69">
      <class name="qaclickacademy.AppiumTest">
        <test-method signature="IOSApps()[pri:0, instance:qaclickacademy.AppiumTest@2d127a61]" started-at="2019-07-27T15:09:36Z" name="IOSApps" finished-at="2019-07-27T15:09:36Z" duration-ms="19" status="PASS">
          <reporter-output>
          </reporter-output>
        </test-method> <!-- IOSApps -->
        <test-method signature="NativeAppAndroid()[pri:0, instance:qaclickacademy.AppiumTest@2d127a61]" started-at="2019-07-27T15:09:36Z" name="NativeAppAndroid" finished-at="2019-07-27T15:09:36Z" duration-ms="1" status="PASS">
          <reporter-output>
          </reporter-output>
        </test-method> <!-- NativeAppAndroid -->
      </class> <!-- qaclickacademy.AppiumTest -->
      <class name="qaclickacademy.RESTAPITest">
        <test-method signature="deleteTwitter()[pri:0, instance:qaclickacademy.RESTAPITest@2bbaf4f0]" started-at="2019-07-27T15:09:36Z" name="deleteTwitter" finished-at="2019-07-27T15:09:36Z" duration-ms="1" status="PASS">
          <reporter-output>
          </reporter-output>
        </test-method> <!-- deleteTwitter -->
        <test-method signature="postjira()[pri:0, instance:qaclickacademy.RESTAPITest@2bbaf4f0]" started-at="2019-07-27T15:09:36Z" name="postjira" finished-at="2019-07-27T15:09:36Z" duration-ms="0" status="PASS">
          <reporter-output>
          </reporter-output>
        </test-method> <!-- postjira -->
      </class> <!-- qaclickacademy.RESTAPITest -->
      <class name="qaclickacademy.SeleniumTest">
        <test-method signature="BrowserAutomation()[pri:0, instance:qaclickacademy.SeleniumTest@11c20519]" started-at="2019-07-27T15:09:36Z" name="BrowserAutomation" finished-at="2019-07-27T15:09:36Z" duration-ms="1" status="PASS">
          <reporter-output>
          </reporter-output>
        </test-method> <!-- BrowserAutomation -->
        <test-method signature="ElementUI()[pri:0, instance:qaclickacademy.SeleniumTest@11c20519]" started-at="2019-07-27T15:09:36Z" name="ElementUI" finished-at="2019-07-27T15:09:36Z" duration-ms="1" status="PASS">
          <reporter-output>
          </reporter-output>
        </test-method> <!-- ElementUI -->
      </class> <!-- qaclickacademy.SeleniumTest -->
    </test> <!-- Surefire test -->
  </suite> <!-- Surefire suite -->
</testng-results>
