<?xml version="1.0" encoding="UTF-8"?>
<testsuite xmlns:xsi="http://www.w3.org/2001/XMLSchema-instance" xsi:noNamespaceSchemaLocation="https://maven.apache.org/surefire/maven-surefire-plugin/xsd/surefire-test-report-3.0.xsd" version="3.0" name="TestSuite" time="0.79" tests="6" errors="0" skipped="0" failures="0">
  <properties>
[...]
</properties>
  <testcase name="BrowserAutomation" classname="qaclickacademy.SeleniumTest" time="0.035"/>
  <testcase name="ElementUI" classname="qaclickacademy.SeleniumTest" time="0.014"/>
  <testcase name="deleteTwitter" classname="qaclickacademy.RESTAPITest" time="0.002"/>
  <testcase name="postjira" classname="qaclickacademy.RESTAPITest" time="0.01"/>
  <testcase name="IOSApps" classname="qaclickacademy.AppiumTest" time="0.012"/>
  <testcase name="NativeAppAndroid" classname="qaclickacademy.AppiumTest" time="0.002"/>
</testsuite>