<?xml version="1.0" encoding="UTF-8"?>
<testng-results ignored="0" total="6" passed="6" failed="0" skipped="0">
  <reporter-output>
  </reporter-output>
  <suite started-at="2019-07-27T15:17:25Z" name="Suite" finished-at="2019-07-27T15:17:25Z" duration-ms="84">
    <groups>
    </groups>
    <test started-at="2019-07-27T15:17:25Z" name="Test" finished-at="2019-07-27T15:17:25Z" duration-ms="84">
      <class name="qaclickacademy.AppiumTest">
        <test-method signature="IOSApps()[pri:0, instance:qaclickacademy.AppiumTest@7ee955a8]" started-at="2019-07-27T15:17:25Z" name="IOSApps" finished-at="2019-07-27T15:17:25Z" duration-ms="2" status="PASS">
          <reporter-output>
          </reporter-output>
        </test-method> <!-- IOSApps -->
        <test-method signature="NativeAppAndroid()[pri:0, instance:qaclickacademy.AppiumTest@7ee955a8]" started-at="2019-07-27T15:17:25Z" name="NativeAppAndroid" finished-at="2019-07-27T15:17:25Z" duration-ms="2" status="PASS">
          <reporter-output>
          </reporter-output>
        </test-method> <!-- NativeAppAndroid -->
      </class> <!-- qaclickacademy.AppiumTest -->
      <class name="qaclickacademy.RESTAPITest">
        <test-method signature="deleteTwitter()[pri:0, instance:qaclickacademy.RESTAPITest@12e61fe6]" started-at="2019-07-27T15:17:25Z" name="deleteTwitter" finished-at="2019-07-27T15:17:25Z" duration-ms="3" status="PASS">
          <reporter-output>
          </reporter-output>
        </test-method> <!-- deleteTwitter -->
        <test-method signature="postjira()[pri:0, instance:qaclickacademy.RESTAPITest@12e61fe6]" started-at="2019-07-27T15:17:25Z" name="postjira" finished-at="2019-07-27T15:17:25Z" duration-ms="2" status="PASS">
          <reporter-output>
          </reporter-output>
        </test-method> <!-- postjira -->
      </class> <!-- qaclickacademy.RESTAPITest -->
      <class name="qaclickacademy.SeleniumTest">
        <test-method signature="BrowserAutomation()[pri:0, instance:qaclickacademy.SeleniumTest@7c469c48]" started-at="2019-07-27T15:17:25Z" name="BrowserAutomation" finished-at="2019-07-27T15:17:25Z" duration-ms="13" status="PASS">
          <reporter-output>
          </reporter-output>
        </test-method> <!-- BrowserAutomation -->
        <test-method signature="ElementUI()[pri:0, instance:qaclickacademy.SeleniumTest@7c469c48]" started-at="2019-07-27T15:17:25Z" name="ElementUI" finished-at="2019-07-27T15:17:25Z" duration-ms="2" status="PASS">
          <reporter-output>
          </reporter-output>
        </test-method> <!-- ElementUI -->
      </class> <!-- qaclickacademy.SeleniumTest -->
    </test> <!-- Test -->
  </suite> <!-- Suite -->
</testng-results>
